INFO:  latexindent.pl version 3.24.7, 2025-08-15, a script to indent .tex files
       latexindent.pl lives here: C:/Users/6060650/AppData/Local/Programs/MiKTeX/scripts/latexindent/
       Fri Apr 24 08:56:05 2026
       Filename: c:/Users/6060650/OneDrive - Gruppo Ferrovie Dello Stato/00.Personal_Space/Tesi/script/latex/Capitoli/__latexindent_temp_Thanks.tex
INFO:  Processing switches:
       -y|--yaml: YAML settings specified via command line
       -c|--cruft: cruft directory
INFO:  Directory for backup files and log file c:\Users\6060650\OneDrive - Gruppo Ferrovie Dello Stato\00.Personal_Space\Tesi\script\latex\indent.log:
       c:\Users\6060650\OneDrive - Gruppo Ferrovie Dello Stato\00.Personal_Space\Tesi\script\latex\
INFO:  Perl modules are being loaded from the following directories:
       C:/Users/6060650/OneDrive - Gruppo Ferrovie Dello Stato/Documenti/perl/lib/FindBin.pm
       C:/Users/6060650/OneDrive - Gruppo Ferrovie Dello Stato/Documenti/perl/vendor/lib/YAML/Tiny.pm
       C:/Users/6060650/OneDrive - Gruppo Ferrovie Dello Stato/Documenti/perl/lib/File/Copy.pm
       C:/Users/6060650/OneDrive - Gruppo Ferrovie Dello Stato/Documenti/perl/lib/File/Basename.pm
       C:/Users/6060650/OneDrive - Gruppo Ferrovie Dello Stato/Documenti/perl/lib/Getopt/Long.pm
       C:/Users/6060650/OneDrive - Gruppo Ferrovie Dello Stato/Documenti/perl/vendor/lib/File/HomeDir.pm
INFO:  LatexIndent perl modules are being loaded from, for example:
       C:/Users/6060650/AppData/Local/Programs/MiKTeX/scripts/latexindent/LatexIndent/Document.pm
INFO:  YAML settings read: defaultSettings.yaml
       Reading defaultSettings.yaml from C:/Users/6060650/AppData/Local/Programs/MiKTeX/scripts/latexindent/defaultSettings.yaml
INFO:  YAML reading settings
       Home directory is C:\Users\6060650\OneDrive - Gruppo Ferrovie Dello Stato\Documenti\data
       latexindent.pl didn't find indentconfig.yaml or .indentconfig.yaml
       see all possible locations: https://latexindentpl.readthedocs.io/en/latest/sec-appendices.html#indentconfig-options)
INFO:  YAML settings read: -y switch
       YAML setting: defaultIndent:'    '
       single-quoted string found in -y switch: '    ', substitute to     
       Updating mainSettings with defaultIndent:     
INFO:  Phase 1: searching for objects
INFO:  Phase 2: finding surrounding indentation
INFO:  Phase 3: indenting objects
INFO:  Phase 4: final indentation check
INFO:  Output routine:
       Not outputting to file; see -w and -o switches for more options.
       --------------
INFO:  Please direct all communication/issues to:
        https://github.com/cmhughes/latexindent.pl
